================================================================================
SESSION: 15 Dec 2020 13:03:36 +0800. Executing /home/neo64yt/bin/krita-4.4.1-x86_64.appimage

Krita Version: 4.4.1, Qt version compiled: 5.12.9, loaded: 5.12.9. Process ID: 33627
-- -- -- -- -- -- -- --
15 Dec 2020 13:03:36 +0800: Style: fusion. Available styles: Windows, Fusion
15 Dec 2020 13:06:52 +0800: CLOSING SESSION
================================================================================
SESSION: 16 Dec 2020 20:47:04 +0800. Executing krita

Krita Version: 4.4.1, Qt version compiled: 5.15.2, loaded: 5.15.2. Process ID: 113654
-- -- -- -- -- -- -- --
16 Dec 2020 20:47:04 +0800: Style: fusion. Available styles: bb10dark, bb10bright, cleanlooks, gtk2, cde, motif, plastique, Windows, Fusion
16 Dec 2020 20:56:26 +0800: CLOSING SESSION
================================================================================
SESSION: 16 Dec 2020 21:00:40 +0800. Executing krita

Krita Version: 4.4.1, Qt version compiled: 5.15.2, loaded: 5.15.2. Process ID: 116091
-- -- -- -- -- -- -- --
16 Dec 2020 21:00:40 +0800: Style: fusion. Available styles: bb10dark, bb10bright, cleanlooks, gtk2, cde, motif, plastique, Windows, Fusion
16 Dec 2020 21:01:36 +0800: Importing image/jpeg to application/x-krita. Location: /home/neo64yt/Pictures/neo64.jpg. Real location: /home/neo64yt/Pictures/neo64.jpg. Batchmode: 0
16 Dec 2020 21:01:36 +0800: Loaded image from image/jpeg. Size: 88 * 88 pixels, 1 dpi. Color model: 8-bit integer/channel RGB/Alpha (sRGB-elle-V2-srgbtrc.icc). Layers: 2
16 Dec 2020 21:05:14 +0800: CLOSING SESSION
================================================================================
SESSION: 16 Dec 2020 22:12:36 +0800. Executing krita

Krita Version: 4.4.1, Qt version compiled: 5.15.2, loaded: 5.15.2. Process ID: 129332
-- -- -- -- -- -- -- --
16 Dec 2020 22:12:36 +0800: Style: fusion. Available styles: bb10dark, bb10bright, cleanlooks, gtk2, cde, motif, plastique, Windows, Fusion
16 Dec 2020 22:14:16 +0800: Created image "Unnamed", 7016 * 4961 pixels, 600 dpi. Color model: 8-bit integer/channel RGB/Alpha (sRGB-elle-V2-srgbtrc.icc). Layers: 2
16 Dec 2020 22:18:17 +0800: CLOSING SESSION
================================================================================
SESSION: 17 Dec 2020 18:34:23 +0800. Executing krita

Krita Version: 4.4.1, Qt version compiled: 5.15.2, loaded: 5.15.2. Process ID: 8388
-- -- -- -- -- -- -- --
17 Dec 2020 18:34:24 +0800: Style: fusion. Available styles: bb10dark, bb10bright, cleanlooks, gtk2, cde, motif, plastique, Windows, Fusion
17 Dec 2020 20:58:34 +0800: Created image "Unnamed", 256 * 256 pixels, 100 dpi. Color model: 8-bit integer/channel RGB/Alpha (sRGB-elle-V2-srgbtrc.icc). Layers: 2
17 Dec 2020 21:04:57 +0800: CLOSING SESSION
================================================================================
SESSION: 17 Dec 2020 21:05:07 +0800. Executing krita

Krita Version: 4.4.1, Qt version compiled: 5.15.2, loaded: 5.15.2. Process ID: 34289
-- -- -- -- -- -- -- --
17 Dec 2020 21:05:07 +0800: Style: fusion. Available styles: bb10dark, bb10bright, cleanlooks, gtk2, cde, motif, plastique, Windows, Fusion
17 Dec 2020 21:05:51 +0800: Created image "Unnamed", 256 * 256 pixels, 100 dpi. Color model: 8-bit integer/channel RGB/Alpha (sRGB-elle-V2-srgbtrc.icc). Layers: 2
17 Dec 2020 21:06:23 +0800: CLOSING SESSION
================================================================================
SESSION: 17 Dec 2020 21:09:24 +0800. Executing krita

Krita Version: 4.4.1, Qt version compiled: 5.15.2, loaded: 5.15.2. Process ID: 35785
-- -- -- -- -- -- -- --
17 Dec 2020 21:09:24 +0800: Style: fusion. Available styles: bb10dark, bb10bright, cleanlooks, gtk2, cde, motif, plastique, Windows, Fusion
17 Dec 2020 21:11:13 +0800: Created image "Unnamed", 256 * 256 pixels, 100 dpi. Color model: 8-bit integer/channel RGB/Alpha (sRGB-elle-V2-srgbtrc.icc). Layers: 2
17 Dec 2020 21:26:13 +0800: Autosaving: /home/neo64yt/.krita-35785-document_0-autosave.kra
17 Dec 2020 21:26:13 +0800: Converting from application/x-krita to application/x-krita. Location: /home/neo64yt/.krita-35785-document_0-autosave.kra. Real location: /home/neo64yt/.krita-35785-document_0-autosave.kra. Batchmode: 0. Configuration: none
17 Dec 2020 21:26:14 +0800: Completed saving /home/neo64yt/.krita-35785-document_0-autosave.kra (mime: application/x-krita). Result: OK. Size: 40629. MD5 Hash: 0a0cafaf7b729d8bf1a61b15903f0af9
17 Dec 2020 21:35:02 +0800: CLOSING SESSION
