Krita

 Version: 4.4.1
 Languages: en_US, en
 Hidpi: true

Qt

  Version (compiled): 5.15.2
  Version (loaded): 5.15.2

OS Information

  Build ABI: x86_64-little_endian-lp64
  Build CPU: x86_64
  CPU: x86_64
  Kernel Type: linux
  Kernel Version: 5.9.14-zen1-1-zen
  Pretty Productname: Arch Linux
  Product Type: arch
  Product Version: unknown
  Desktop: 

OpenGL Info
 
  Vendor:  "AMD" 
  Renderer:  "AMD KABINI (DRM 2.50.0, 5.9.14-zen1-1-zen, LLVM 11.0.0)" 
  Version:  "4.5 (Compatibility Profile) Mesa 20.3.0" 
  Shading language:  "4.50" 
  Requested format:  QSurfaceFormat(version 3.0, options QFlags<QSurfaceFormat::FormatOption>(DeprecatedFunctions), depthBufferSize 24, redBufferSize 8, greenBufferSize 8, blueBufferSize 8, alphaBufferSize 8, stencilBufferSize 8, samples -1, swapBehavior QSurfaceFormat::DoubleBuffer, swapInterval 0, colorSpace QSurfaceFormat::DefaultColorSpace, profile  QSurfaceFormat::CompatibilityProfile) 
  Current format:    QSurfaceFormat(version 4.5, options QFlags<QSurfaceFormat::FormatOption>(DeprecatedFunctions), depthBufferSize 24, redBufferSize 8, greenBufferSize 8, blueBufferSize 8, alphaBufferSize 8, stencilBufferSize 8, samples -1, swapBehavior QSurfaceFormat::DoubleBuffer, swapInterval 0, colorSpace QSurfaceFormat::DefaultColorSpace, profile  QSurfaceFormat::CompatibilityProfile) 
     Version: 4.5
     Supports deprecated functions true 
     is OpenGL ES: false 

QPA OpenGL Detection Info 
  supportsDesktopGL: true 
  supportsOpenGLES: true 
  isQtPreferOpenGLES: false 

Hardware Information

  GPU Acceleration: auto
  Memory: 3371 Mb
  Number of Cores: 4
  Swap Location: /tmp

Current Settings

  Current Swap Location: /tmp
  Current Swap Location writable: true
  Undo Enabled: true
  Undo Stack Limit: 30
  Use OpenGL: true
  Use OpenGL Texture Buffer: true
  Use AMD Vectorization Workaround: false
  Canvas State: OPENGL_SUCCESS
  Autosave Interval: 900
  Use Backup Files: true
  Number of Backups Kept: 1
  Backup File Suffix: ~
  Backup Location: Same Folder as the File
  Backup Location writable: false
  Use Win8 Pointer Input: false
  Use RightMiddleTabletButton Workaround: false
  Levels of Detail Enabled: false
  Use Zip64: false


Display Information
Number of screens: 1
	Screen: 0
		Name: LVDS
		Depth: 24
		Scale: 1
		Resolution in pixels: 1366x768
		Manufacturer: DO NOT USE - AUO
		Model: 
		Refresh Rate: 60.0541

