{"name":"log","hostname":"ativ9-lite","pid":46875,"level":30,"msg":"app ready","time":"2021-01-26T02:06:09.601Z","v":0}
{"name":"log","hostname":"ativ9-lite","pid":46875,"level":30,"msg":"starting version 1.39.6","time":"2021-01-26T02:06:09.602Z","v":0}
{"name":"log","hostname":"ativ9-lite","pid":46875,"level":30,"msg":"media access status undefined undefined","time":"2021-01-26T02:06:09.602Z","v":0}
{"name":"log","hostname":"ativ9-lite","pid":46875,"level":30,"msg":"updateSchema:\n  Current user_version: 21;\n  Most recent db schema: 21;\n  SQLite version: 3.30.1;\n  SQLCipher version: 4.3.0 community;\n  (deprecated) schema_version: 109;\n","time":"2021-01-26T02:06:09.700Z","v":0}
{"name":"log","hostname":"ativ9-lite","pid":46875,"level":30,"msg":"Initializing BrowserWindow config: {\"show\":true,\"width\":1364,\"height\":710,\"minWidth\":680,\"minHeight\":550,\"autoHideMenuBar\":false,\"backgroundColor\":\"#3a76f0\",\"webPreferences\":{\"nodeIntegration\":false,\"nodeIntegrationInWorker\":false,\"contextIsolation\":false,\"preload\":\"/usr/lib/signal-desktop/resources/app.asar/preload.js\",\"nativeWindowOpen\":true,\"spellcheck\":true,\"backgroundThrottling\":false},\"icon\":\"/usr/lib/signal-desktop/resources/app.asar/images/signal-logo-desktop-linux.png\",\"x\":1,\"y\":29}","time":"2021-01-26T02:06:09.742Z","v":0}
{"name":"log","hostname":"ativ9-lite","pid":46875,"level":30,"msg":"spellcheck: user locale: C","time":"2021-01-26T02:06:10.097Z","v":0}
{"name":"log","hostname":"ativ9-lite","pid":46875,"level":30,"msg":"spellcheck: available spellchecker languages:  [\"af\",\"bg\",\"ca\",\"cs\",\"cy\",\"da\",\"de\",\"el\",\"en-AU\",\"en-CA\",\"en-GB\",\"en-US\",\"es\",\"es-419\",\"es-AR\",\"es-ES\",\"es-MX\",\"es-US\",\"et\",\"fa\",\"fo\",\"fr\",\"he\",\"hi\",\"hr\",\"hu\",\"hy\",\"id\",\"it\",\"ko\",\"lt\",\"lv\",\"nb\",\"nl\",\"pl\",\"pt-BR\",\"pt-PT\",\"ro\",\"ru\",\"sh\",\"sk\",\"sl\",\"sq\",\"sr\",\"sv\",\"ta\",\"tg\",\"tr\",\"uk\",\"vi\"]","time":"2021-01-26T02:06:10.097Z","v":0}
{"name":"log","hostname":"ativ9-lite","pid":46875,"level":30,"msg":"spellcheck: setting languages to:  []","time":"2021-01-26T02:06:10.097Z","v":0}
{"name":"log","hostname":"ativ9-lite","pid":46875,"level":30,"msg":"Begin ensuring permissions","time":"2021-01-26T02:06:10.173Z","v":0}
{"name":"log","hostname":"ativ9-lite","pid":46875,"level":30,"msg":"Ensuring file permissions for 2 files","time":"2021-01-26T02:06:10.272Z","v":0}
{"name":"log","hostname":"ativ9-lite","pid":46875,"level":30,"msg":"Finish ensuring permissions in 108ms","time":"2021-01-26T02:06:10.282Z","v":0}
{"name":"log","hostname":"ativ9-lite","pid":46875,"level":30,"msg":"Updating BrowserWindow config: {\"maximized\":false,\"autoHideMenuBar\":false,\"fullscreen\":false,\"width\":1364,\"height\":710,\"x\":1,\"y\":29}","time":"2021-01-26T02:06:10.681Z","v":0}
{"name":"log","hostname":"ativ9-lite","pid":46875,"level":30,"msg":"config/set: Saving ephemeral config to disk","time":"2021-01-26T02:06:10.681Z","v":0}
{"name":"log","hostname":"ativ9-lite","pid":46875,"level":30,"time":"2021-01-26T02:06:15.241Z","msg":"x-attr dependency did not load successfully","v":0}
{"name":"log","hostname":"ativ9-lite","pid":46875,"level":30,"time":"2021-01-26T02:06:15.435Z","msg":"preload complete","v":0}
{"name":"log","hostname":"ativ9-lite","pid":46875,"level":30,"time":"2021-01-26T02:06:16.490Z","msg":"pre-main prep time: 6 ms","v":0}
{"name":"log","hostname":"ativ9-lite","pid":46875,"level":30,"time":"2021-01-26T02:06:16.988Z","msg":"background page reloaded","v":0}
{"name":"log","hostname":"ativ9-lite","pid":46875,"level":30,"time":"2021-01-26T02:06:16.989Z","msg":"environment: production","v":0}
{"name":"log","hostname":"ativ9-lite","pid":46875,"level":30,"time":"2021-01-26T02:06:17.422Z","msg":"SQL channel job 1 (getItemById) succeeded in 430ms","v":0}
{"name":"log","hostname":"ativ9-lite","pid":46875,"level":30,"time":"2021-01-26T02:06:17.423Z","msg":"Storage fetch","v":0}
{"name":"log","hostname":"ativ9-lite","pid":46875,"level":30,"time":"2021-01-26T02:06:18.218Z","msg":"SQL channel job 2 (getAllItems) succeeded in 795ms","v":0}
{"name":"log","hostname":"ativ9-lite","pid":46875,"level":30,"time":"2021-01-26T02:06:18.385Z","msg":"SQL channel job 3 (createOrUpdateItem) succeeded in 153ms","v":0}
{"name":"log","hostname":"ativ9-lite","pid":46875,"level":30,"time":"2021-01-26T02:06:18.424Z","msg":"SQL channel job 4 (createOrUpdateItem) succeeded in 38ms","v":0}
{"name":"log","hostname":"ativ9-lite","pid":46875,"level":30,"time":"2021-01-26T02:06:18.460Z","msg":"SQL channel job 5 (createOrUpdateItem) succeeded in 75ms","v":0}
{"name":"log","hostname":"ativ9-lite","pid":46875,"level":30,"time":"2021-01-26T02:06:18.461Z","msg":"Starting background data migration. Target version: 10","v":0}
{"name":"log","hostname":"ativ9-lite","pid":46875,"level":30,"time":"2021-01-26T02:06:18.478Z","msg":"GET https://textsecure-service.whispersystems.org/v1/config","v":0}
{"name":"log","hostname":"ativ9-lite","pid":46875,"level":30,"time":"2021-01-26T02:06:18.519Z","msg":"ConversationController: starting initial fetch","v":0}
{"name":"log","hostname":"ativ9-lite","pid":46875,"level":30,"time":"2021-01-26T02:06:18.539Z","msg":"SQL channel job 6 (getAllConversations) succeeded in 18ms","v":0}
{"name":"log","hostname":"ativ9-lite","pid":46875,"level":30,"time":"2021-01-26T02:06:18.576Z","msg":"SQL channel job 7 (getAllStickerPacks) succeeded in 54ms","v":0}
{"name":"log","hostname":"ativ9-lite","pid":46875,"level":30,"time":"2021-01-26T02:06:18.579Z","msg":"SQL channel job 8 (getAllStickers) succeeded in 58ms","v":0}
{"name":"log","hostname":"ativ9-lite","pid":46875,"level":30,"time":"2021-01-26T02:06:18.582Z","msg":"SQL channel job 9 (getRecentStickers) succeeded in 60ms","v":0}
{"name":"log","hostname":"ativ9-lite","pid":46875,"level":30,"time":"2021-01-26T02:06:18.585Z","msg":"SQL channel job 11 (getItemById) succeeded in 62ms","v":0}
{"name":"log","hostname":"ativ9-lite","pid":46875,"level":30,"time":"2021-01-26T02:06:18.587Z","msg":"SQL channel job 13 (getAllIdentityKeys) succeeded in 64ms","v":0}
{"name":"log","hostname":"ativ9-lite","pid":46875,"level":30,"time":"2021-01-26T02:06:18.590Z","msg":"SignalProtocolStore: Finished caching identityKeys data","v":0}
{"name":"log","hostname":"ativ9-lite","pid":46875,"level":30,"time":"2021-01-26T02:06:18.591Z","msg":"SQL channel job 14 (getAllSessions) succeeded in 67ms","v":0}
{"name":"log","hostname":"ativ9-lite","pid":46875,"level":30,"time":"2021-01-26T02:06:18.593Z","msg":"SignalProtocolStore: Finished caching sessions data","v":0}
{"name":"log","hostname":"ativ9-lite","pid":46875,"level":30,"time":"2021-01-26T02:06:18.593Z","msg":"SQL channel job 12 (getItemById) succeeded in 70ms","v":0}
{"name":"log","hostname":"ativ9-lite","pid":46875,"level":30,"time":"2021-01-26T02:06:18.594Z","msg":"SQL channel job 10 (getRecentEmojis) succeeded in 72ms","v":0}
{"name":"log","hostname":"ativ9-lite","pid":46875,"level":30,"time":"2021-01-26T02:06:18.596Z","msg":"SQL channel job 16 (getLastConversationActivity) succeeded in 24ms","v":0}
{"name":"log","hostname":"ativ9-lite","pid":46875,"level":30,"time":"2021-01-26T02:06:18.597Z","msg":"SQL channel job 18 (getLastConversationActivity) succeeded in 25ms","v":0}
{"name":"log","hostname":"ativ9-lite","pid":46875,"level":30,"time":"2021-01-26T02:06:18.598Z","msg":"SQL channel job 19 (getLastConversationPreview) succeeded in 25ms","v":0}
{"name":"log","hostname":"ativ9-lite","pid":46875,"level":30,"time":"2021-01-26T02:06:18.598Z","msg":"SQL channel job 20 (getLastConversationActivity) succeeded in 25ms","v":0}
{"name":"log","hostname":"ativ9-lite","pid":46875,"level":30,"time":"2021-01-26T02:06:18.601Z","msg":"SQL channel job 24 (getLastConversationActivity) succeeded in 28ms","v":0}
{"name":"log","hostname":"ativ9-lite","pid":46875,"level":30,"time":"2021-01-26T02:06:18.602Z","msg":"SQL channel job 22 (getLastConversationActivity) succeeded in 29ms","v":0}
{"name":"log","hostname":"ativ9-lite","pid":46875,"level":30,"time":"2021-01-26T02:06:18.604Z","msg":"SQL channel job 17 (getLastConversationPreview) succeeded in 31ms","v":0}
{"name":"log","hostname":"ativ9-lite","pid":46875,"level":30,"time":"2021-01-26T02:06:18.605Z","msg":"SQL channel job 15 (getLastConversationPreview) succeeded in 33ms","v":0}
{"name":"log","hostname":"ativ9-lite","pid":46875,"level":30,"time":"2021-01-26T02:06:18.607Z","msg":"SQL channel job 21 (getLastConversationPreview) succeeded in 33ms","v":0}
{"name":"log","hostname":"ativ9-lite","pid":46875,"level":30,"time":"2021-01-26T02:06:18.608Z","msg":"SQL channel job 25 (getLastConversationPreview) succeeded in 34ms","v":0}
{"name":"log","hostname":"ativ9-lite","pid":46875,"level":30,"time":"2021-01-26T02:06:18.609Z","msg":"SQL channel job 23 (getLastConversationPreview) succeeded in 36ms","v":0}
{"name":"log","hostname":"ativ9-lite","pid":46875,"level":30,"time":"2021-01-26T02:06:18.610Z","msg":"SQL channel job 26 (getLastConversationActivity) succeeded in 36ms","v":0}
{"name":"log","hostname":"ativ9-lite","pid":46875,"level":30,"time":"2021-01-26T02:06:18.611Z","msg":"SQL channel job 27 (getLastConversationPreview) succeeded in 37ms","v":0}
{"name":"log","hostname":"ativ9-lite","pid":46875,"level":30,"time":"2021-01-26T02:06:18.611Z","msg":"SQL channel job 28 (getLastConversationActivity) succeeded in 37ms","v":0}
{"name":"log","hostname":"ativ9-lite","pid":46875,"level":30,"time":"2021-01-26T02:06:18.612Z","msg":"SQL channel job 29 (getLastConversationPreview) succeeded in 38ms","v":0}
{"name":"log","hostname":"ativ9-lite","pid":46875,"level":30,"time":"2021-01-26T02:06:18.612Z","msg":"SQL channel job 30 (getLastConversationActivity) succeeded in 38ms","v":0}
{"name":"log","hostname":"ativ9-lite","pid":46875,"level":30,"time":"2021-01-26T02:06:18.613Z","msg":"ConversationController: done with initial fetch","v":0}
{"name":"log","hostname":"ativ9-lite","pid":46875,"level":30,"time":"2021-01-26T02:06:18.614Z","msg":"SQL channel job 31 (getAllPreKeys) succeeded in 22ms","v":0}
{"name":"log","hostname":"ativ9-lite","pid":46875,"level":30,"time":"2021-01-26T02:06:18.643Z","msg":"SignalProtocolStore: Finished caching preKeys data","v":0}
{"name":"log","hostname":"ativ9-lite","pid":46875,"level":30,"time":"2021-01-26T02:06:18.645Z","msg":"SQL channel job 32 (getAllSignedPreKeys) succeeded in 53ms","v":0}
{"name":"log","hostname":"ativ9-lite","pid":46875,"level":30,"time":"2021-01-26T02:06:18.647Z","msg":"SignalProtocolStore: Finished caching signedPreKeys data","v":0}
{"name":"log","hostname":"ativ9-lite","pid":46875,"level":30,"time":"2021-01-26T02:06:18.648Z","msg":"checkForConflicts: starting...","v":0}
{"name":"log","hostname":"ativ9-lite","pid":46875,"level":30,"time":"2021-01-26T02:06:18.648Z","msg":"checkForConflicts: complete!","v":0}
{"name":"log","hostname":"ativ9-lite","pid":46875,"level":30,"time":"2021-01-26T02:06:18.700Z","msg":"Cleanup: starting...","v":0}
{"name":"log","hostname":"ativ9-lite","pid":46875,"level":30,"time":"2021-01-26T02:06:18.702Z","msg":"Initializing network observer every 5000ms","v":0}
{"name":"log","hostname":"ativ9-lite","pid":46875,"level":30,"time":"2021-01-26T02:06:18.707Z","msg":"Cleanup: Found 0 messages for cleanup","v":0}
{"name":"log","hostname":"ativ9-lite","pid":46875,"level":30,"time":"2021-01-26T02:06:18.708Z","msg":"Cleanup: complete","v":0}
{"name":"log","hostname":"ativ9-lite","pid":46875,"level":30,"time":"2021-01-26T02:06:18.708Z","msg":"listening for registration events","v":0}
{"name":"log","hostname":"ativ9-lite","pid":46875,"level":30,"time":"2021-01-26T02:06:18.731Z","msg":"connect {\"connectCount\":0}","v":0}
{"name":"log","hostname":"ativ9-lite","pid":46875,"level":30,"time":"2021-01-26T02:06:18.734Z","msg":"GET https://textsecure-service.whispersystems.org/v1/config","v":0}
{"name":"log","hostname":"ativ9-lite","pid":46875,"level":30,"time":"2021-01-26T02:06:18.740Z","msg":"open inbox","v":0}
{"name":"log","hostname":"ativ9-lite","pid":46875,"level":30,"time":"2021-01-26T02:06:19.033Z","msg":"SQL channel job 34 (getNextExpiringMessage) succeeded in 306ms","v":0}
{"name":"log","hostname":"ativ9-lite","pid":46875,"level":30,"time":"2021-01-26T02:06:19.035Z","msg":"SQL channel job 35 (getNextTapToViewMessageToAgeOut) succeeded in 307ms","v":0}
{"name":"log","hostname":"ativ9-lite","pid":46875,"level":30,"time":"2021-01-26T02:06:19.182Z","msg":"SQL channel job 36 (updateConversations) succeeded in 63ms","v":0}
{"name":"log","hostname":"ativ9-lite","pid":46875,"level":30,"time":"2021-01-26T02:06:19.620Z","msg":"SQL channel job 37 (createOrUpdateItem) succeeded in 47ms","v":0}
{"name":"log","hostname":"ativ9-lite","pid":46875,"level":30,"time":"2021-01-26T02:06:20.296Z","msg":"GET https://textsecure-service.whispersystems.org/v1/config 200 Success","v":0}
{"name":"log","hostname":"ativ9-lite","pid":46875,"level":30,"time":"2021-01-26T02:06:20.296Z","msg":"GET https://textsecure-service.whispersystems.org/v1/config 200 Success","v":0}
{"name":"log","hostname":"ativ9-lite","pid":46875,"level":30,"time":"2021-01-26T02:06:20.303Z","msg":"Initializing socket and listening for messages","v":0}
{"name":"log","hostname":"ativ9-lite","pid":46875,"level":30,"time":"2021-01-26T02:06:20.311Z","msg":"getAllFromCache","v":0}
{"name":"log","hostname":"ativ9-lite","pid":46875,"level":30,"time":"2021-01-26T02:06:20.312Z","msg":"opening message socket https://textsecure-service.whispersystems.org","v":0}
{"name":"log","hostname":"ativ9-lite","pid":46875,"level":30,"time":"2021-01-26T02:06:20.326Z","msg":"initializeGroupCredentialFetcher: starting...","v":0}
{"name":"log","hostname":"ativ9-lite","pid":46875,"level":30,"time":"2021-01-26T02:06:20.328Z","msg":"maybeFetchCredentials: fetching credentials for 18659 through 18660","v":0}
{"name":"log","hostname":"ativ9-lite","pid":46875,"level":30,"time":"2021-01-26T02:06:20.349Z","msg":"GET https://textsecure-service.whispersystems.org/v1/certificate/group/18659/18660","v":0}
{"name":"log","hostname":"ativ9-lite","pid":46875,"level":30,"time":"2021-01-26T02:06:20.353Z","msg":"attachment_downloads/start: enabling","v":0}
{"name":"log","hostname":"ativ9-lite","pid":46875,"level":30,"time":"2021-01-26T02:06:20.361Z","msg":"PUT https://textsecure-service.whispersystems.org/v1/devices/capabilities","v":0}
{"name":"log","hostname":"ativ9-lite","pid":46875,"level":30,"time":"2021-01-26T02:06:20.370Z","msg":"loadSession {\"encodedAddress\":\"[REDACTED]c3f.1\",\"id\":\"[REDACTED]c3f.1\"}","v":0}
{"name":"log","hostname":"ativ9-lite","pid":46875,"level":30,"time":"2021-01-26T02:06:20.374Z","msg":"loadSession {\"encodedAddress\":\"[REDACTED]eb3.1\",\"id\":\"[REDACTED]c3f.1\"}","v":0}
{"name":"log","hostname":"ativ9-lite","pid":46875,"level":30,"time":"2021-01-26T02:06:20.377Z","msg":"loadSession {\"encodedAddress\":\"[REDACTED]c3f.1\",\"id\":\"[REDACTED]c3f.1\"}","v":0}
{"name":"log","hostname":"ativ9-lite","pid":46875,"level":30,"time":"2021-01-26T02:06:20.383Z","msg":"loadSession {\"encodedAddress\":\"[REDACTED]eb3.1\",\"id\":\"[REDACTED]c3f.1\"}","v":0}
{"name":"log","hostname":"ativ9-lite","pid":46875,"level":30,"time":"2021-01-26T02:06:20.399Z","msg":"SQL channel job 38 (createOrUpdateItem) succeeded in 99ms","v":0}
{"name":"log","hostname":"ativ9-lite","pid":46875,"level":30,"time":"2021-01-26T02:06:20.401Z","msg":"SQL channel job 39 (createOrUpdateItem) succeeded in 100ms","v":0}
{"name":"log","hostname":"ativ9-lite","pid":46875,"level":30,"time":"2021-01-26T02:06:20.402Z","msg":"SQL channel job 40 (getUnprocessedCount) succeeded in 91ms","v":0}
{"name":"log","hostname":"ativ9-lite","pid":46875,"level":30,"time":"2021-01-26T02:06:20.403Z","msg":"SQL channel job 41 (resetAttachmentDownloadPending) succeeded in 50ms","v":0}
{"name":"log","hostname":"ativ9-lite","pid":46875,"level":30,"time":"2021-01-26T02:06:20.406Z","msg":"getAllFromCache loaded 0 saved envelopes","v":0}
{"name":"log","hostname":"ativ9-lite","pid":46875,"level":30,"time":"2021-01-26T02:06:20.415Z","msg":"SQL channel job 43 (getNextAttachmentDownloadJobs) succeeded in 11ms","v":0}
{"name":"log","hostname":"ativ9-lite","pid":46875,"level":30,"time":"2021-01-26T02:06:20.422Z","msg":"storeSession {\"encodedAddress\":\"[REDACTED]eb3.1\",\"id\":\"[REDACTED]c3f.1\"}","v":0}
{"name":"log","hostname":"ativ9-lite","pid":46875,"level":30,"time":"2021-01-26T02:06:20.427Z","msg":"PUT https://textsecure-service.whispersystems.org/v1/messages/[REDACTED]eb3","v":0}
{"name":"log","hostname":"ativ9-lite","pid":46875,"level":30,"time":"2021-01-26T02:06:20.721Z","msg":"GET https://textsecure-service.whispersystems.org/v1/certificate/group/18659/18660 200 Success","v":0}
{"name":"log","hostname":"ativ9-lite","pid":46875,"level":30,"time":"2021-01-26T02:06:20.722Z","msg":"PUT https://textsecure-service.whispersystems.org/v1/devices/capabilities 204 Success","v":0}
{"name":"log","hostname":"ativ9-lite","pid":46875,"level":30,"time":"2021-01-26T02:06:20.723Z","msg":"Start idle detector","v":0}
{"name":"log","hostname":"ativ9-lite","pid":46875,"level":30,"time":"2021-01-26T02:06:20.781Z","msg":"maybeFetchCredentials: Saving new credentials...","v":0}
{"name":"log","hostname":"ativ9-lite","pid":46875,"level":30,"time":"2021-01-26T02:06:20.782Z","msg":"maybeFetchCredentials: Save complete.","v":0}
{"name":"log","hostname":"ativ9-lite","pid":46875,"level":30,"time":"2021-01-26T02:06:20.813Z","msg":"SQL channel job 44 (createOrUpdateItem) succeeded in 32ms","v":0}
{"name":"log","hostname":"ativ9-lite","pid":46875,"level":30,"time":"2021-01-26T02:06:20.978Z","msg":"SQL channel job 45 (createOrUpdateSessions) succeeded in 51ms","v":0}
{"name":"log","hostname":"ativ9-lite","pid":46875,"level":30,"time":"2021-01-26T02:06:21.710Z","msg":"websocket open","v":0}
{"name":"log","hostname":"ativ9-lite","pid":46875,"level":30,"time":"2021-01-26T02:06:21.734Z","msg":"got request PUT /api/v1/queue/empty","v":0}
{"name":"log","hostname":"ativ9-lite","pid":46875,"level":30,"time":"2021-01-26T02:06:21.750Z","msg":"MessageReceiver: finished processing messages after 'empty', now waiting for application","v":0}
{"name":"log","hostname":"ativ9-lite","pid":46875,"level":30,"time":"2021-01-26T02:06:21.751Z","msg":"MessageReceiver: emitting 'empty' event","v":0}
{"name":"log","hostname":"ativ9-lite","pid":46875,"level":30,"msg":"updater/start: Updates disabled - not starting new version checks","time":"2021-01-26T02:06:21.765Z","v":0}
{"name":"log","hostname":"ativ9-lite","pid":46875,"level":30,"time":"2021-01-26T02:06:21.758Z","msg":"onEmpty: All outstanding database requests complete","v":0}
{"name":"log","hostname":"ativ9-lite","pid":46875,"level":30,"time":"2021-01-26T02:06:21.767Z","msg":"Next signed key rotation scheduled for 2021-01-25T08:14:28.094Z","v":0}
{"name":"log","hostname":"ativ9-lite","pid":46875,"level":30,"time":"2021-01-26T02:06:21.769Z","msg":"refreshSenderCertificate: Getting new certificate...","v":0}
{"name":"log","hostname":"ativ9-lite","pid":46875,"level":30,"time":"2021-01-26T02:06:21.773Z","msg":"GET https://textsecure-service.whispersystems.org/v1/certificate/delivery?includeUuid=true","v":0}
{"name":"log","hostname":"ativ9-lite","pid":46875,"level":30,"time":"2021-01-26T02:06:21.778Z","msg":"GET https://textsecure-service.whispersystems.org/v1/certificate/delivery?includeUuid=true&includeE164=false","v":0}
{"name":"log","hostname":"ativ9-lite","pid":46875,"level":30,"time":"2021-01-26T02:06:21.799Z","msg":"PUT https://textsecure-service.whispersystems.org/v1/messages/[REDACTED]eb3 200 Success","v":0}
{"name":"log","hostname":"ativ9-lite","pid":46875,"level":30,"time":"2021-01-26T02:06:21.801Z","msg":"Rotating signed prekey...","v":0}
{"name":"log","hostname":"ativ9-lite","pid":46875,"level":30,"time":"2021-01-26T02:06:21.812Z","msg":"Saving new signed prekey 4","v":0}
{"name":"log","hostname":"ativ9-lite","pid":46875,"level":30,"time":"2021-01-26T02:06:21.823Z","msg":"PUT https://textsecure-service.whispersystems.org/v2/keys/signed","v":0}
{"name":"log","hostname":"ativ9-lite","pid":46875,"level":30,"time":"2021-01-26T02:06:21.856Z","msg":"SQL channel job 46 (createOrUpdateItem) succeeded in 44ms","v":0}
{"name":"log","hostname":"ativ9-lite","pid":46875,"level":30,"time":"2021-01-26T02:06:21.905Z","msg":"SQL channel job 47 (createOrUpdateSignedPreKey) succeeded in 84ms","v":0}
{"name":"log","hostname":"ativ9-lite","pid":46875,"level":30,"time":"2021-01-26T02:06:22.107Z","msg":"GET https://textsecure-service.whispersystems.org/v1/certificate/delivery?includeUuid=true 200 Success","v":0}
{"name":"log","hostname":"ativ9-lite","pid":46875,"level":30,"time":"2021-01-26T02:06:22.108Z","msg":"GET https://textsecure-service.whispersystems.org/v1/certificate/delivery?includeUuid=true&includeE164=false 200 Success","v":0}
{"name":"log","hostname":"ativ9-lite","pid":46875,"level":30,"time":"2021-01-26T02:06:22.135Z","msg":"PUT https://textsecure-service.whispersystems.org/v2/keys/signed 204 Success","v":0}
{"name":"log","hostname":"ativ9-lite","pid":46875,"level":30,"time":"2021-01-26T02:06:22.136Z","msg":"Confirming new signed prekey 4","v":0}
{"name":"log","hostname":"ativ9-lite","pid":46875,"level":30,"time":"2021-01-26T02:06:22.160Z","msg":"SQL channel job 48 (createOrUpdateItem) succeeded in 44ms","v":0}
{"name":"log","hostname":"ativ9-lite","pid":46875,"level":30,"time":"2021-01-26T02:06:22.200Z","msg":"SQL channel job 49 (createOrUpdateItem) succeeded in 79ms","v":0}
{"name":"log","hostname":"ativ9-lite","pid":46875,"level":30,"time":"2021-01-26T02:06:22.202Z","msg":"Next sender certificate refresh scheduled for 2021-01-27T02:06:22.202Z","v":0}
{"name":"log","hostname":"ativ9-lite","pid":46875,"level":30,"time":"2021-01-26T02:06:22.203Z","msg":"refreshOurProfile","v":0}
{"name":"log","hostname":"ativ9-lite","pid":46875,"level":30,"time":"2021-01-26T02:06:22.216Z","msg":"GET https://textsecure-service.whispersystems.org/v1/profile/[REDACTED]eb3/[REDACTED]53c (unauth)","v":0}
{"name":"log","hostname":"ativ9-lite","pid":46875,"level":30,"time":"2021-01-26T02:06:22.245Z","msg":"SQL channel job 50 (removeItemById) succeeded in 109ms","v":0}
{"name":"log","hostname":"ativ9-lite","pid":46875,"level":30,"time":"2021-01-26T02:06:22.249Z","msg":"SQL channel job 51 (createOrUpdateSignedPreKey) succeeded in 111ms","v":0}
{"name":"log","hostname":"ativ9-lite","pid":46875,"level":30,"time":"2021-01-26T02:06:22.250Z","msg":"Most recent signed key: 4","v":0}
{"name":"log","hostname":"ativ9-lite","pid":46875,"level":30,"time":"2021-01-26T02:06:22.250Z","msg":"Most recent confirmed signed key: 4","v":0}
{"name":"log","hostname":"ativ9-lite","pid":46875,"level":30,"time":"2021-01-26T02:06:22.250Z","msg":"Total signed key count: 4 - 4 confirmed","v":0}
{"name":"log","hostname":"ativ9-lite","pid":46875,"level":30,"time":"2021-01-26T02:06:22.251Z","msg":"Next signed key rotation scheduled for 2021-01-28T02:06:22.251Z","v":0}
{"name":"log","hostname":"ativ9-lite","pid":46875,"level":30,"time":"2021-01-26T02:06:22.649Z","msg":"SQL channel job 52 (createOrUpdateItem) succeeded in 397ms","v":0}
{"name":"log","hostname":"ativ9-lite","pid":46875,"level":30,"time":"2021-01-26T02:06:23.992Z","msg":"GET https://textsecure-service.whispersystems.org/v1/profile/[REDACTED]eb3/[REDACTED]53c 200 Success","v":0}
{"name":"log","hostname":"ativ9-lite","pid":46875,"level":30,"time":"2021-01-26T02:06:23.993Z","msg":"Setting sealedSender to UNRESTRICTED for conversation [REDACTED]eb3 ([REDACTED]c3f)","v":0}
{"name":"log","hostname":"ativ9-lite","pid":46875,"level":30,"time":"2021-01-26T02:06:24.006Z","msg":"GET https://cdn.signal.org/[REDACTED]FAQ","v":0}
{"name":"log","hostname":"ativ9-lite","pid":46875,"level":30,"time":"2021-01-26T02:06:24.051Z","msg":"SQL channel job 53 (createOrUpdateItem) succeeded in 48ms","v":0}
{"name":"log","hostname":"ativ9-lite","pid":46875,"level":30,"time":"2021-01-26T02:06:25.527Z","msg":"GET https://cdn.signal.org/[REDACTED]FAQ 200 Success","v":0}
{"name":"log","hostname":"ativ9-lite","pid":46875,"level":30,"msg":"Updating BrowserWindow config: {\"maximized\":false,\"autoHideMenuBar\":false,\"fullscreen\":false,\"width\":1364,\"height\":710,\"x\":1,\"y\":29}","time":"2021-01-26T02:06:26.468Z","v":0}
{"name":"log","hostname":"ativ9-lite","pid":46875,"level":30,"msg":"config/set: Saving ephemeral config to disk","time":"2021-01-26T02:06:26.469Z","v":0}
{"name":"log","hostname":"ativ9-lite","pid":46875,"level":30,"time":"2021-01-26T02:06:26.101Z","msg":"SQL channel job 54 (updateConversations) succeeded in 57ms","v":0}
{"name":"log","hostname":"ativ9-lite","pid":46875,"level":30,"msg":"before-quit event {\"shouldQuit\":false}","time":"2021-01-26T02:06:27.502Z","v":0}
{"name":"log","hostname":"ativ9-lite","pid":46875,"level":30,"msg":"close event {\"shouldQuit\":true}","time":"2021-01-26T02:06:27.503Z","v":0}
{"name":"log","hostname":"ativ9-lite","pid":46875,"level":30,"msg":"requestShutdown: Requesting close of mainWindow...","time":"2021-01-26T02:06:27.506Z","v":0}
{"name":"log","hostname":"ativ9-lite","pid":46875,"level":30,"time":"2021-01-26T02:06:27.515Z","msg":"background/shutdown","v":0}
{"name":"log","hostname":"ativ9-lite","pid":46875,"level":30,"time":"2021-01-26T02:06:27.516Z","msg":"attachment_downloads/stop: disabling","v":0}
{"name":"log","hostname":"ativ9-lite","pid":46875,"level":30,"time":"2021-01-26T02:06:27.516Z","msg":"Stop idle detector","v":0}
{"name":"log","hostname":"ativ9-lite","pid":46875,"level":30,"time":"2021-01-26T02:06:27.516Z","msg":"MessageReceiver: stopProcessing requested","v":0}
{"name":"log","hostname":"ativ9-lite","pid":46875,"level":30,"time":"2021-01-26T02:06:27.517Z","msg":"MessageReceiver.close()","v":0}
{"name":"log","hostname":"ativ9-lite","pid":46875,"level":30,"time":"2021-01-26T02:06:27.518Z","msg":"WebSocketResource.close()","v":0}
{"name":"log","hostname":"ativ9-lite","pid":46875,"level":30,"time":"2021-01-26T02:06:27.524Z","msg":"drained","v":0}
{"name":"log","hostname":"ativ9-lite","pid":46875,"level":30,"time":"2021-01-26T02:06:27.526Z","msg":"MessageReceiver: unregister batchers","v":0}
{"name":"log","hostname":"ativ9-lite","pid":46875,"level":30,"msg":"requestShutdown: Response received","time":"2021-01-26T02:06:27.554Z","v":0}
{"name":"log","hostname":"ativ9-lite","pid":46875,"level":30,"msg":"before-quit event {\"readyForShutdown\":true,\"shouldQuit\":true}","time":"2021-01-26T02:06:27.555Z","v":0}
{"name":"log","hostname":"ativ9-lite","pid":46875,"level":30,"msg":"close event {\"readyForShutdown\":true,\"shouldQuit\":true}","time":"2021-01-26T02:06:27.555Z","v":0}
