[Dec 08, 2020, 10:35:43.6 AM:INFO:database_migration.cc(77)] DB: Migrated to version 1
[Dec 08, 2020, 10:35:43.6 AM:INFO:database_migration.cc(77)] DB: Migrated to version 2
[Dec 08, 2020, 10:35:43.6 AM:INFO:database_migration.cc(77)] DB: Migrated to version 3
[Dec 08, 2020, 10:35:43.6 AM:INFO:database_migration.cc(77)] DB: Migrated to version 4
[Dec 08, 2020, 10:35:43.6 AM:INFO:database_migration.cc(77)] DB: Migrated to version 5
[Dec 08, 2020, 10:35:43.6 AM:INFO:database_migration.cc(77)] DB: Migrated to version 6
[Dec 08, 2020, 10:35:43.6 AM:INFO:database_migration.cc(77)] DB: Migrated to version 7
[Dec 08, 2020, 10:35:43.6 AM:INFO:database_migration.cc(77)] DB: Migrated to version 8
[Dec 08, 2020, 10:35:43.6 AM:INFO:database_migration.cc(77)] DB: Migrated to version 9
[Dec 08, 2020, 10:35:43.6 AM:INFO:database_migration.cc(77)] DB: Migrated to version 10
[Dec 08, 2020, 10:35:43.6 AM:INFO:database_migration.cc(77)] DB: Migrated to version 11
[Dec 08, 2020, 10:35:43.6 AM:INFO:database_migration.cc(77)] DB: Migrated to version 12
[Dec 08, 2020, 10:35:43.6 AM:INFO:database_migration.cc(77)] DB: Migrated to version 13
[Dec 08, 2020, 10:35:43.6 AM:INFO:database_migration.cc(77)] DB: Migrated to version 14
[Dec 08, 2020, 10:35:43.7 AM:INFO:database_migration.cc(77)] DB: Migrated to version 15
[Dec 08, 2020, 10:35:43.7 AM:INFO:database_migration.cc(77)] DB: Migrated to version 16
[Dec 08, 2020, 10:35:43.7 AM:INFO:database_migration.cc(77)] DB: Migrated to version 17
[Dec 08, 2020, 10:35:43.7 AM:INFO:database_migration.cc(77)] DB: Migrated to version 18
[Dec 08, 2020, 10:35:43.7 AM:INFO:database_migration.cc(77)] DB: Migrated to version 19
[Dec 08, 2020, 10:35:43.7 AM:INFO:database_migration.cc(77)] DB: Migrated to version 20
[Dec 08, 2020, 10:35:43.7 AM:INFO:database_migration.cc(77)] DB: Migrated to version 21
[Dec 08, 2020, 10:35:43.7 AM:INFO:database_migration.cc(77)] DB: Migrated to version 22
[Dec 08, 2020, 10:35:43.7 AM:INFO:database_migration.cc(77)] DB: Migrated to version 23
[Dec 08, 2020, 10:35:43.7 AM:INFO:database_migration.cc(77)] DB: Migrated to version 24
[Dec 08, 2020, 10:35:43.8 AM:INFO:database_migration.cc(77)] DB: Migrated to version 25
[Dec 08, 2020, 10:35:43.8 AM:INFO:database_migration.cc(77)] DB: Migrated to version 26
[Dec 08, 2020, 10:35:44.1 AM:INFO:state_migration_v1.cc(39)] No publisher state
[Dec 08, 2020, 10:35:44.1 AM:INFO:state_migration.cc(72)] State: Migrated to version 1
[Dec 08, 2020, 10:35:44.1 AM:INFO:state_migration_v2.cc(40)] No ledger state
[Dec 08, 2020, 10:35:44.1 AM:INFO:state_migration.cc(72)] State: Migrated to version 2
[Dec 08, 2020, 10:35:44.1 AM:INFO:contribution.cc(264)] Timer will start in 2592000
[Dec 08, 2020, 10:35:44.1 AM:INFO:contribution.cc(264)] Timer will start in 31
[Dec 08, 2020, 10:35:44.1 AM:INFO:promotion.cc(95)] Migrating corrupted promotions
[Dec 08, 2020, 10:35:44.2 AM:INFO:recovery.cc(14)] Running empty balance check...
[Dec 08, 2020, 10:35:44.2 AM:INFO:database_contribution_info_publishers.cc(321)] Contribution ids is empty
[Dec 08, 2020, 10:35:44.2 AM:INFO:promotion.cc(558)] Promotion is empty
[Dec 08, 2020, 10:35:44.2 AM:INFO:database_contribution_info_publishers.cc(321)] Contribution ids is empty
[Dec 08, 2020, 10:35:44.2 AM:INFO:recovery_empty_balance.cc(116)] Creds batch list is emtpy
--------------------------------------------------------------------------------
[Dec 08, 2020, 10:38:18.7 AM:INFO:contribution.cc(264)] Timer will start in 2591846
[Dec 08, 2020, 10:38:18.8 AM:INFO:contribution.cc(264)] Timer will start in 7
[Dec 08, 2020, 10:38:18.8 AM:INFO:promotion.cc(95)] Migrating corrupted promotions
[Dec 08, 2020, 10:38:18.8 AM:INFO:database_contribution_info_publishers.cc(321)] Contribution ids is empty
[Dec 08, 2020, 10:38:18.8 AM:INFO:promotion.cc(558)] Promotion is empty
--------------------------------------------------------------------------------
[Dec 08, 2020, 10:55:57.3 AM:INFO:contribution.cc(264)] Timer will start in 2590787
[Dec 08, 2020, 10:55:57.4 AM:INFO:contribution.cc(264)] Timer will start in 29
[Dec 08, 2020, 10:55:57.6 AM:INFO:promotion.cc(95)] Migrating corrupted promotions
[Dec 08, 2020, 10:55:57.7 AM:INFO:database_contribution_info_publishers.cc(321)] Contribution ids is empty
[Dec 08, 2020, 10:55:57.7 AM:INFO:promotion.cc(558)] Promotion is empty
--------------------------------------------------------------------------------
[Dec 08, 2020, 11:33:29.7 AM:INFO:contribution.cc(264)] Timer will start in 2588535
[Dec 08, 2020, 11:33:29.7 AM:INFO:contribution.cc(264)] Timer will start in 25
[Dec 08, 2020, 11:33:29.8 AM:INFO:promotion.cc(95)] Migrating corrupted promotions
[Dec 08, 2020, 11:33:29.8 AM:INFO:database_contribution_info_publishers.cc(321)] Contribution ids is empty
[Dec 08, 2020, 11:33:29.8 AM:INFO:promotion.cc(558)] Promotion is empty
--------------------------------------------------------------------------------
[Dec 08, 2020, 12:51:04.9 PM:INFO:contribution.cc(264)] Timer will start in 2583880
[Dec 08, 2020, 12:51:05.0 PM:INFO:contribution.cc(264)] Timer will start in 21
[Dec 08, 2020, 12:51:05.1 PM:INFO:promotion.cc(95)] Migrating corrupted promotions
[Dec 08, 2020, 12:51:05.1 PM:INFO:database_contribution_info_publishers.cc(321)] Contribution ids is empty
[Dec 08, 2020, 12:51:05.2 PM:INFO:promotion.cc(558)] Promotion is empty
--------------------------------------------------------------------------------
[Dec 08, 2020, 1:08:24.9 PM:INFO:contribution.cc(264)] Timer will start in 2582840
[Dec 08, 2020, 1:08:24.9 PM:INFO:contribution.cc(264)] Timer will start in 1
[Dec 08, 2020, 1:08:25.0 PM:INFO:promotion.cc(95)] Migrating corrupted promotions
[Dec 08, 2020, 1:08:25.2 PM:INFO:database_contribution_info_publishers.cc(321)] Contribution ids is empty
[Dec 08, 2020, 1:08:25.2 PM:INFO:promotion.cc(558)] Promotion is empty
--------------------------------------------------------------------------------
[Dec 08, 2020, 2:28:30.8 PM:INFO:contribution.cc(264)] Timer will start in 2578034
[Dec 08, 2020, 2:28:31.0 PM:INFO:contribution.cc(264)] Timer will start in 8
[Dec 08, 2020, 2:28:31.0 PM:INFO:promotion.cc(95)] Migrating corrupted promotions
[Dec 08, 2020, 2:28:31.2 PM:INFO:database_contribution_info_publishers.cc(321)] Contribution ids is empty
[Dec 08, 2020, 2:28:31.2 PM:INFO:promotion.cc(558)] Promotion is empty
--------------------------------------------------------------------------------
[Dec 08, 2020, 2:55:24.1 PM:INFO:contribution.cc(264)] Timer will start in 2576420
[Dec 08, 2020, 2:55:24.1 PM:INFO:contribution.cc(264)] Timer will start in 3
[Dec 08, 2020, 2:55:24.2 PM:INFO:promotion.cc(95)] Migrating corrupted promotions
[Dec 08, 2020, 2:55:24.2 PM:INFO:database_contribution_info_publishers.cc(321)] Contribution ids is empty
[Dec 08, 2020, 2:55:24.3 PM:INFO:promotion.cc(558)] Promotion is empty
--------------------------------------------------------------------------------
[Dec 09, 2020, 7:25:53.0 AM:INFO:contribution.cc(264)] Timer will start in 2516992
[Dec 09, 2020, 7:25:53.1 AM:INFO:contribution.cc(264)] Timer will start in 8
[Dec 09, 2020, 7:25:53.1 AM:INFO:promotion.cc(95)] Migrating corrupted promotions
[Dec 09, 2020, 7:25:53.2 AM:INFO:database_contribution_info_publishers.cc(321)] Contribution ids is empty
[Dec 09, 2020, 7:25:53.2 AM:INFO:promotion.cc(558)] Promotion is empty
--------------------------------------------------------------------------------
[Dec 09, 2020, 7:45:15.3 AM:INFO:contribution.cc(264)] Timer will start in 2515829
[Dec 09, 2020, 7:45:15.7 AM:INFO:contribution.cc(264)] Timer will start in 3
[Dec 09, 2020, 7:45:15.9 AM:INFO:promotion.cc(95)] Migrating corrupted promotions
[Dec 09, 2020, 7:45:16.0 AM:INFO:database_contribution_info_publishers.cc(321)] Contribution ids is empty
[Dec 09, 2020, 7:45:16.1 AM:INFO:promotion.cc(558)] Promotion is empty
--------------------------------------------------------------------------------
[Dec 09, 2020, 8:33:17.3 AM:INFO:contribution.cc(264)] Timer will start in 2512947
[Dec 09, 2020, 8:33:17.4 AM:INFO:contribution.cc(264)] Timer will start in 5
[Dec 09, 2020, 8:33:17.6 AM:INFO:promotion.cc(95)] Migrating corrupted promotions
[Dec 09, 2020, 8:33:17.6 AM:INFO:database_contribution_info_publishers.cc(321)] Contribution ids is empty
[Dec 09, 2020, 8:33:17.6 AM:INFO:promotion.cc(558)] Promotion is empty
--------------------------------------------------------------------------------
[Dec 09, 2020, 9:52:07.7 AM:INFO:contribution.cc(264)] Timer will start in 2508217
[Dec 09, 2020, 9:52:07.8 AM:INFO:contribution.cc(264)] Timer will start in 79
[Dec 09, 2020, 9:52:07.8 AM:INFO:promotion.cc(95)] Migrating corrupted promotions
[Dec 09, 2020, 9:52:07.9 AM:INFO:database_contribution_info_publishers.cc(321)] Contribution ids is empty
[Dec 09, 2020, 9:52:07.9 AM:INFO:promotion.cc(558)] Promotion is empty
--------------------------------------------------------------------------------
[Dec 09, 2020, 9:52:43.4 AM:INFO:contribution.cc(264)] Timer will start in 2508181
[Dec 09, 2020, 9:52:43.6 AM:INFO:contribution.cc(264)] Timer will start in 27
[Dec 09, 2020, 9:52:43.7 AM:INFO:promotion.cc(95)] Migrating corrupted promotions
[Dec 09, 2020, 9:52:43.7 AM:INFO:database_contribution_info_publishers.cc(321)] Contribution ids is empty
[Dec 09, 2020, 9:52:43.7 AM:INFO:promotion.cc(558)] Promotion is empty
--------------------------------------------------------------------------------
[Dec 09, 2020, 9:53:19.3 AM:INFO:contribution.cc(264)] Timer will start in 2508145
[Dec 09, 2020, 9:53:19.4 AM:INFO:contribution.cc(264)] Timer will start in 48
[Dec 09, 2020, 9:53:19.4 AM:INFO:promotion.cc(95)] Migrating corrupted promotions
[Dec 09, 2020, 9:53:19.5 AM:INFO:database_contribution_info_publishers.cc(321)] Contribution ids is empty
[Dec 09, 2020, 9:53:19.5 AM:INFO:promotion.cc(558)] Promotion is empty
--------------------------------------------------------------------------------
[Dec 09, 2020, 11:03:58.3 AM:INFO:contribution.cc(264)] Timer will start in 2503906
[Dec 09, 2020, 11:03:58.4 AM:INFO:contribution.cc(264)] Timer will start in 26
[Dec 09, 2020, 11:03:58.6 AM:INFO:promotion.cc(95)] Migrating corrupted promotions
[Dec 09, 2020, 11:03:58.6 AM:INFO:database_contribution_info_publishers.cc(321)] Contribution ids is empty
[Dec 09, 2020, 11:03:58.6 AM:INFO:promotion.cc(558)] Promotion is empty
--------------------------------------------------------------------------------
[Dec 09, 2020, 9:49:54.8 PM:INFO:contribution.cc(264)] Timer will start in 2465150
[Dec 09, 2020, 9:49:55.0 PM:INFO:contribution.cc(264)] Timer will start in 36
[Dec 09, 2020, 9:49:55.1 PM:INFO:promotion.cc(95)] Migrating corrupted promotions
[Dec 09, 2020, 9:49:55.3 PM:INFO:database_contribution_info_publishers.cc(321)] Contribution ids is empty
[Dec 09, 2020, 9:49:55.3 PM:INFO:promotion.cc(558)] Promotion is empty
--------------------------------------------------------------------------------
[Dec 09, 2020, 11:46:35.5 PM:INFO:contribution.cc(264)] Timer will start in 2458149
[Dec 09, 2020, 11:46:35.6 PM:INFO:contribution.cc(264)] Timer will start in 3
[Dec 09, 2020, 11:46:35.7 PM:INFO:promotion.cc(95)] Migrating corrupted promotions
[Dec 09, 2020, 11:46:35.8 PM:INFO:database_contribution_info_publishers.cc(321)] Contribution ids is empty
[Dec 09, 2020, 11:46:35.8 PM:INFO:promotion.cc(558)] Promotion is empty
--------------------------------------------------------------------------------
[Dec 09, 2020, 11:47:24.4 PM:INFO:contribution.cc(264)] Timer will start in 2458100
[Dec 09, 2020, 11:47:24.8 PM:INFO:contribution.cc(264)] Timer will start in 6
[Dec 09, 2020, 11:47:25.1 PM:INFO:promotion.cc(95)] Migrating corrupted promotions
[Dec 09, 2020, 11:47:25.2 PM:INFO:database_contribution_info_publishers.cc(321)] Contribution ids is empty
[Dec 09, 2020, 11:47:25.2 PM:INFO:promotion.cc(558)] Promotion is empty
--------------------------------------------------------------------------------
[Dec 10, 2020, 8:18:46.0 AM:INFO:contribution.cc(264)] Timer will start in 2427419
[Dec 10, 2020, 8:18:46.1 AM:INFO:contribution.cc(264)] Timer will start in 5
[Dec 10, 2020, 8:18:46.2 AM:INFO:promotion.cc(95)] Migrating corrupted promotions
[Dec 10, 2020, 8:18:46.3 AM:INFO:database_contribution_info_publishers.cc(321)] Contribution ids is empty
[Dec 10, 2020, 8:18:46.3 AM:INFO:promotion.cc(558)] Promotion is empty
--------------------------------------------------------------------------------
[Dec 10, 2020, 11:10:56.8 AM:INFO:contribution.cc(264)] Timer will start in 2417088
[Dec 10, 2020, 11:10:56.9 AM:INFO:contribution.cc(264)] Timer will start in 57
[Dec 10, 2020, 11:10:57.1 AM:INFO:promotion.cc(95)] Migrating corrupted promotions
[Dec 10, 2020, 11:10:57.2 AM:INFO:database_contribution_info_publishers.cc(321)] Contribution ids is empty
[Dec 10, 2020, 11:10:57.2 AM:INFO:promotion.cc(558)] Promotion is empty
--------------------------------------------------------------------------------
[Dec 10, 2020, 11:14:55.8 AM:INFO:contribution.cc(264)] Timer will start in 2416849
[Dec 10, 2020, 11:14:55.9 AM:INFO:contribution.cc(264)] Timer will start in 59
[Dec 10, 2020, 11:14:56.0 AM:INFO:promotion.cc(95)] Migrating corrupted promotions
[Dec 10, 2020, 11:14:56.1 AM:INFO:database_contribution_info_publishers.cc(321)] Contribution ids is empty
[Dec 10, 2020, 11:14:56.1 AM:INFO:promotion.cc(558)] Promotion is empty
--------------------------------------------------------------------------------
[Dec 10, 2020, 12:02:00.5 PM:INFO:contribution.cc(264)] Timer will start in 2414024
[Dec 10, 2020, 12:02:00.6 PM:INFO:contribution.cc(264)] Timer will start in 3
[Dec 10, 2020, 12:02:00.7 PM:INFO:promotion.cc(95)] Migrating corrupted promotions
[Dec 10, 2020, 12:02:00.8 PM:INFO:database_contribution_info_publishers.cc(321)] Contribution ids is empty
[Dec 10, 2020, 12:02:00.9 PM:INFO:promotion.cc(558)] Promotion is empty
--------------------------------------------------------------------------------
[Dec 10, 2020, 12:31:01.1 PM:INFO:contribution.cc(264)] Timer will start in 2412283
[Dec 10, 2020, 12:31:01.2 PM:INFO:contribution.cc(264)] Timer will start in 13
[Dec 10, 2020, 12:31:01.4 PM:INFO:promotion.cc(95)] Migrating corrupted promotions
[Dec 10, 2020, 12:31:01.5 PM:INFO:database_contribution_info_publishers.cc(321)] Contribution ids is empty
[Dec 10, 2020, 12:31:01.5 PM:INFO:promotion.cc(558)] Promotion is empty
--------------------------------------------------------------------------------
[Dec 10, 2020, 12:37:10.0 PM:INFO:contribution.cc(264)] Timer will start in 2411914
[Dec 10, 2020, 12:37:10.2 PM:INFO:contribution.cc(264)] Timer will start in 2
[Dec 10, 2020, 12:37:10.3 PM:INFO:promotion.cc(95)] Migrating corrupted promotions
[Dec 10, 2020, 12:37:10.5 PM:INFO:database_contribution_info_publishers.cc(321)] Contribution ids is empty
[Dec 10, 2020, 12:37:10.5 PM:INFO:promotion.cc(558)] Promotion is empty
--------------------------------------------------------------------------------
[Dec 11, 2020, 12:54:14.1 PM:INFO:contribution.cc(264)] Timer will start in 2324490
[Dec 11, 2020, 12:54:14.3 PM:INFO:contribution.cc(264)] Timer will start in 1
[Dec 11, 2020, 12:54:14.4 PM:INFO:promotion.cc(95)] Migrating corrupted promotions
[Dec 11, 2020, 12:54:14.5 PM:INFO:database_contribution_info_publishers.cc(321)] Contribution ids is empty
[Dec 11, 2020, 12:54:14.5 PM:INFO:promotion.cc(558)] Promotion is empty
--------------------------------------------------------------------------------
[Dec 11, 2020, 3:14:54.7 PM:INFO:contribution.cc(264)] Timer will start in 2316050
[Dec 11, 2020, 3:14:54.8 PM:INFO:contribution.cc(264)] Timer will start in 10
[Dec 11, 2020, 3:14:54.9 PM:INFO:promotion.cc(95)] Migrating corrupted promotions
[Dec 11, 2020, 3:14:55.0 PM:INFO:database_contribution_info_publishers.cc(321)] Contribution ids is empty
[Dec 11, 2020, 3:14:55.0 PM:INFO:promotion.cc(558)] Promotion is empty
--------------------------------------------------------------------------------
[Dec 11, 2020, 8:03:30.6 PM:INFO:contribution.cc(264)] Timer will start in 2298734
[Dec 11, 2020, 8:03:30.7 PM:INFO:contribution.cc(264)] Timer will start in 16
[Dec 11, 2020, 8:03:30.8 PM:INFO:promotion.cc(95)] Migrating corrupted promotions
[Dec 11, 2020, 8:03:30.9 PM:INFO:database_contribution_info_publishers.cc(321)] Contribution ids is empty
[Dec 11, 2020, 8:03:30.9 PM:INFO:promotion.cc(558)] Promotion is empty
--------------------------------------------------------------------------------
[Dec 11, 2020, 8:52:40.4 PM:INFO:contribution.cc(264)] Timer will start in 2295784
[Dec 11, 2020, 8:52:40.5 PM:INFO:contribution.cc(264)] Timer will start in 22
[Dec 11, 2020, 8:52:40.6 PM:INFO:promotion.cc(95)] Migrating corrupted promotions
[Dec 11, 2020, 8:52:40.6 PM:INFO:database_contribution_info_publishers.cc(321)] Contribution ids is empty
[Dec 11, 2020, 8:52:40.6 PM:INFO:promotion.cc(558)] Promotion is empty
--------------------------------------------------------------------------------
[Dec 11, 2020, 9:03:52.9 PM:INFO:contribution.cc(264)] Timer will start in 2295112
[Dec 11, 2020, 9:03:53.0 PM:INFO:contribution.cc(264)] Timer will start in 9
[Dec 11, 2020, 9:03:53.2 PM:INFO:promotion.cc(95)] Migrating corrupted promotions
[Dec 11, 2020, 9:03:53.4 PM:INFO:database_contribution_info_publishers.cc(321)] Contribution ids is empty
[Dec 11, 2020, 9:03:53.5 PM:INFO:promotion.cc(558)] Promotion is empty
--------------------------------------------------------------------------------
[Dec 11, 2020, 9:25:31.9 PM:INFO:contribution.cc(264)] Timer will start in 2293813
[Dec 11, 2020, 9:25:32.2 PM:INFO:contribution.cc(264)] Timer will start in 44
[Dec 11, 2020, 9:25:32.3 PM:INFO:promotion.cc(95)] Migrating corrupted promotions
[Dec 11, 2020, 9:25:32.4 PM:INFO:database_contribution_info_publishers.cc(321)] Contribution ids is empty
[Dec 11, 2020, 9:25:32.4 PM:INFO:promotion.cc(558)] Promotion is empty
--------------------------------------------------------------------------------
[Dec 12, 2020, 1:08:46.3 PM:INFO:contribution.cc(264)] Timer will start in 2237218
[Dec 12, 2020, 1:08:46.5 PM:INFO:contribution.cc(264)] Timer will start in 1
[Dec 12, 2020, 1:08:46.7 PM:INFO:promotion.cc(95)] Migrating corrupted promotions
[Dec 12, 2020, 1:08:46.8 PM:INFO:database_contribution_info_publishers.cc(321)] Contribution ids is empty
[Dec 12, 2020, 1:08:46.8 PM:INFO:promotion.cc(558)] Promotion is empty
--------------------------------------------------------------------------------
[Dec 12, 2020, 1:10:15.1 PM:INFO:contribution.cc(264)] Timer will start in 2237129
[Dec 12, 2020, 1:10:15.3 PM:INFO:contribution.cc(264)] Timer will start in 6
[Dec 12, 2020, 1:10:15.6 PM:INFO:promotion.cc(95)] Migrating corrupted promotions
[Dec 12, 2020, 1:10:15.7 PM:INFO:database_contribution_info_publishers.cc(321)] Contribution ids is empty
[Dec 12, 2020, 1:10:15.7 PM:INFO:promotion.cc(558)] Promotion is empty
--------------------------------------------------------------------------------
[Dec 12, 2020, 1:11:17.3 PM:INFO:contribution.cc(264)] Timer will start in 2237067
[Dec 12, 2020, 1:11:17.5 PM:INFO:contribution.cc(264)] Timer will start in 8
[Dec 12, 2020, 1:11:17.7 PM:INFO:promotion.cc(95)] Migrating corrupted promotions
[Dec 12, 2020, 1:11:17.8 PM:INFO:database_contribution_info_publishers.cc(321)] Contribution ids is empty
[Dec 12, 2020, 1:11:17.8 PM:INFO:promotion.cc(558)] Promotion is empty
--------------------------------------------------------------------------------
[Dec 12, 2020, 9:31:39.5 PM:INFO:contribution.cc(264)] Timer will start in 2207045
[Dec 12, 2020, 9:31:39.6 PM:INFO:contribution.cc(264)] Timer will start in 44
[Dec 12, 2020, 9:31:39.7 PM:INFO:promotion.cc(95)] Migrating corrupted promotions
[Dec 12, 2020, 9:31:39.9 PM:INFO:database_contribution_info_publishers.cc(321)] Contribution ids is empty
[Dec 12, 2020, 9:31:39.9 PM:INFO:promotion.cc(558)] Promotion is empty
--------------------------------------------------------------------------------
[Dec 13, 2020, 8:43:38.8 AM:INFO:contribution.cc(264)] Timer will start in 2166726
[Dec 13, 2020, 8:43:39.1 AM:INFO:contribution.cc(264)] Timer will start in 3
[Dec 13, 2020, 8:43:39.1 AM:INFO:promotion.cc(95)] Migrating corrupted promotions
[Dec 13, 2020, 8:43:39.2 AM:INFO:database_contribution_info_publishers.cc(321)] Contribution ids is empty
[Dec 13, 2020, 8:43:39.3 AM:INFO:promotion.cc(558)] Promotion is empty
--------------------------------------------------------------------------------
[Dec 13, 2020, 2:58:14.8 PM:INFO:contribution.cc(264)] Timer will start in 2144250
[Dec 13, 2020, 2:58:14.8 PM:INFO:contribution.cc(264)] Timer will start in 9
[Dec 13, 2020, 2:58:15.0 PM:INFO:promotion.cc(95)] Migrating corrupted promotions
[Dec 13, 2020, 2:58:15.0 PM:INFO:database_contribution_info_publishers.cc(321)] Contribution ids is empty
[Dec 13, 2020, 2:58:15.1 PM:INFO:promotion.cc(558)] Promotion is empty
--------------------------------------------------------------------------------
[Dec 13, 2020, 4:42:17.1 PM:INFO:contribution.cc(264)] Timer will start in 2138007
[Dec 13, 2020, 4:42:17.3 PM:INFO:contribution.cc(264)] Timer will start in 3
[Dec 13, 2020, 4:42:17.4 PM:INFO:promotion.cc(95)] Migrating corrupted promotions
[Dec 13, 2020, 4:42:17.5 PM:INFO:database_contribution_info_publishers.cc(321)] Contribution ids is empty
[Dec 13, 2020, 4:42:17.5 PM:INFO:promotion.cc(558)] Promotion is empty
--------------------------------------------------------------------------------
[Dec 14, 2020, 8:40:21.2 AM:INFO:contribution.cc(264)] Timer will start in 2080523
[Dec 14, 2020, 8:40:21.3 AM:INFO:contribution.cc(264)] Timer will start in 4
[Dec 14, 2020, 8:40:21.5 AM:INFO:promotion.cc(95)] Migrating corrupted promotions
[Dec 14, 2020, 8:40:21.6 AM:INFO:database_contribution_info_publishers.cc(321)] Contribution ids is empty
[Dec 14, 2020, 8:40:21.6 AM:INFO:promotion.cc(558)] Promotion is empty
--------------------------------------------------------------------------------
[Dec 14, 2020, 8:49:12.4 AM:INFO:contribution.cc(264)] Timer will start in 2079992
[Dec 14, 2020, 8:49:12.6 AM:INFO:contribution.cc(264)] Timer will start in 21
[Dec 14, 2020, 8:49:12.8 AM:INFO:promotion.cc(95)] Migrating corrupted promotions
[Dec 14, 2020, 8:49:12.9 AM:INFO:database_contribution_info_publishers.cc(321)] Contribution ids is empty
[Dec 14, 2020, 8:49:12.9 AM:INFO:promotion.cc(558)] Promotion is empty
--------------------------------------------------------------------------------
[Dec 14, 2020, 2:50:47.0 PM:INFO:contribution.cc(264)] Timer will start in 2058297
[Dec 14, 2020, 2:50:47.3 PM:INFO:contribution.cc(264)] Timer will start in 78
[Dec 14, 2020, 2:50:47.4 PM:INFO:promotion.cc(95)] Migrating corrupted promotions
[Dec 14, 2020, 2:50:47.5 PM:INFO:database_contribution_info_publishers.cc(321)] Contribution ids is empty
[Dec 14, 2020, 2:50:47.6 PM:INFO:promotion.cc(558)] Promotion is empty
--------------------------------------------------------------------------------
[Dec 15, 2020, 8:26:22.4 AM:INFO:contribution.cc(264)] Timer will start in 1994962
[Dec 15, 2020, 8:26:22.6 AM:INFO:contribution.cc(264)] Timer will start in 1
[Dec 15, 2020, 8:26:22.8 AM:INFO:promotion.cc(95)] Migrating corrupted promotions
[Dec 15, 2020, 8:26:22.9 AM:INFO:database_contribution_info_publishers.cc(321)] Contribution ids is empty
[Dec 15, 2020, 8:26:22.9 AM:INFO:promotion.cc(558)] Promotion is empty
--------------------------------------------------------------------------------
[Dec 15, 2020, 8:35:32.8 AM:INFO:contribution.cc(264)] Timer will start in 1994412
[Dec 15, 2020, 8:35:32.9 AM:INFO:contribution.cc(264)] Timer will start in 4
[Dec 15, 2020, 8:35:33.1 AM:INFO:promotion.cc(95)] Migrating corrupted promotions
[Dec 15, 2020, 8:35:33.2 AM:INFO:database_contribution_info_publishers.cc(321)] Contribution ids is empty
[Dec 15, 2020, 8:35:33.2 AM:INFO:promotion.cc(558)] Promotion is empty
--------------------------------------------------------------------------------
[Dec 15, 2020, 10:08:47.3 AM:INFO:contribution.cc(264)] Timer will start in 1988817
[Dec 15, 2020, 10:08:47.4 AM:INFO:contribution.cc(264)] Timer will start in 3
[Dec 15, 2020, 10:08:47.6 AM:INFO:promotion.cc(95)] Migrating corrupted promotions
[Dec 15, 2020, 10:08:47.8 AM:INFO:database_contribution_info_publishers.cc(321)] Contribution ids is empty
[Dec 15, 2020, 10:08:47.8 AM:INFO:promotion.cc(558)] Promotion is empty
--------------------------------------------------------------------------------
[Dec 15, 2020, 12:02:49.7 PM:INFO:contribution.cc(264)] Timer will start in 1981975
[Dec 15, 2020, 12:02:49.8 PM:INFO:contribution.cc(264)] Timer will start in 6
[Dec 15, 2020, 12:02:49.9 PM:INFO:promotion.cc(95)] Migrating corrupted promotions
[Dec 15, 2020, 12:02:50.0 PM:INFO:database_contribution_info_publishers.cc(321)] Contribution ids is empty
[Dec 15, 2020, 12:02:50.0 PM:INFO:promotion.cc(558)] Promotion is empty
--------------------------------------------------------------------------------
[Dec 15, 2020, 12:20:57.1 PM:INFO:contribution.cc(264)] Timer will start in 1980887
[Dec 15, 2020, 12:20:57.3 PM:INFO:contribution.cc(264)] Timer will start in 36
[Dec 15, 2020, 12:20:57.4 PM:INFO:promotion.cc(95)] Migrating corrupted promotions
[Dec 15, 2020, 12:20:57.5 PM:INFO:database_contribution_info_publishers.cc(321)] Contribution ids is empty
[Dec 15, 2020, 12:20:57.5 PM:INFO:promotion.cc(558)] Promotion is empty
--------------------------------------------------------------------------------
[Dec 15, 2020, 1:11:11.8 PM:INFO:contribution.cc(264)] Timer will start in 1977873
[Dec 15, 2020, 1:11:11.9 PM:INFO:contribution.cc(264)] Timer will start in 22
[Dec 15, 2020, 1:11:12.0 PM:INFO:promotion.cc(95)] Migrating corrupted promotions
[Dec 15, 2020, 1:11:12.2 PM:INFO:database_contribution_info_publishers.cc(321)] Contribution ids is empty
[Dec 15, 2020, 1:11:12.2 PM:INFO:promotion.cc(558)] Promotion is empty
--------------------------------------------------------------------------------
[Dec 15, 2020, 1:21:31.6 PM:INFO:contribution.cc(264)] Timer will start in 1977253
[Dec 15, 2020, 1:21:31.7 PM:INFO:contribution.cc(264)] Timer will start in 26
[Dec 15, 2020, 1:21:31.8 PM:INFO:promotion.cc(95)] Migrating corrupted promotions
[Dec 15, 2020, 1:21:31.8 PM:INFO:database_contribution_info_publishers.cc(321)] Contribution ids is empty
[Dec 15, 2020, 1:21:31.8 PM:INFO:promotion.cc(558)] Promotion is empty
--------------------------------------------------------------------------------
[Dec 15, 2020, 3:43:26.3 PM:INFO:contribution.cc(264)] Timer will start in 1968738
[Dec 15, 2020, 3:43:26.6 PM:INFO:contribution.cc(264)] Timer will start in 6
[Dec 15, 2020, 3:43:26.8 PM:INFO:promotion.cc(95)] Migrating corrupted promotions
[Dec 15, 2020, 3:43:26.9 PM:INFO:database_contribution_info_publishers.cc(321)] Contribution ids is empty
[Dec 15, 2020, 3:43:26.9 PM:INFO:promotion.cc(558)] Promotion is empty
--------------------------------------------------------------------------------
[Dec 15, 2020, 3:46:21.5 PM:INFO:contribution.cc(264)] Timer will start in 1968563
[Dec 15, 2020, 3:46:21.8 PM:INFO:contribution.cc(264)] Timer will start in 7
[Dec 15, 2020, 3:46:21.9 PM:INFO:promotion.cc(95)] Migrating corrupted promotions
[Dec 15, 2020, 3:46:22.1 PM:INFO:database_contribution_info_publishers.cc(321)] Contribution ids is empty
[Dec 15, 2020, 3:46:22.1 PM:INFO:promotion.cc(558)] Promotion is empty
--------------------------------------------------------------------------------
[Dec 15, 2020, 3:48:42.3 PM:INFO:contribution.cc(264)] Timer will start in 1968422
[Dec 15, 2020, 3:48:42.5 PM:INFO:contribution.cc(264)] Timer will start in 1
[Dec 15, 2020, 3:48:42.6 PM:INFO:promotion.cc(95)] Migrating corrupted promotions
[Dec 15, 2020, 3:48:42.7 PM:INFO:database_contribution_info_publishers.cc(321)] Contribution ids is empty
[Dec 15, 2020, 3:48:42.7 PM:INFO:promotion.cc(558)] Promotion is empty
--------------------------------------------------------------------------------
[Dec 15, 2020, 11:49:45.9 PM:INFO:contribution.cc(264)] Timer will start in 1939559
[Dec 15, 2020, 11:49:46.1 PM:INFO:contribution.cc(264)] Timer will start in 1
[Dec 15, 2020, 11:49:46.1 PM:INFO:promotion.cc(95)] Migrating corrupted promotions
[Dec 15, 2020, 11:49:46.2 PM:INFO:database_contribution_info_publishers.cc(321)] Contribution ids is empty
[Dec 15, 2020, 11:49:46.3 PM:INFO:promotion.cc(558)] Promotion is empty
--------------------------------------------------------------------------------
[Dec 16, 2020, 2:48:46.9 PM:INFO:contribution.cc(264)] Timer will start in 1885618
[Dec 16, 2020, 2:48:47.0 PM:INFO:contribution.cc(264)] Timer will start in 7
[Dec 16, 2020, 2:48:47.1 PM:INFO:promotion.cc(95)] Migrating corrupted promotions
[Dec 16, 2020, 2:48:47.2 PM:INFO:database_contribution_info_publishers.cc(321)] Contribution ids is empty
[Dec 16, 2020, 2:48:47.2 PM:INFO:promotion.cc(558)] Promotion is empty
--------------------------------------------------------------------------------
[Dec 16, 2020, 8:23:32.4 PM:INFO:contribution.cc(264)] Timer will start in 1865532
[Dec 16, 2020, 8:23:32.5 PM:INFO:contribution.cc(264)] Timer will start in 44
[Dec 16, 2020, 8:23:32.8 PM:INFO:promotion.cc(95)] Migrating corrupted promotions
[Dec 16, 2020, 8:23:32.9 PM:INFO:database_contribution_info_publishers.cc(321)] Contribution ids is empty
[Dec 16, 2020, 8:23:32.9 PM:INFO:promotion.cc(558)] Promotion is empty
--------------------------------------------------------------------------------
[Dec 17, 2020, 9:35:33.0 PM:INFO:contribution.cc(264)] Timer will start in 1774812
[Dec 17, 2020, 9:35:33.2 PM:INFO:contribution.cc(264)] Timer will start in 38
[Dec 17, 2020, 9:35:33.3 PM:INFO:promotion.cc(95)] Migrating corrupted promotions
[Dec 17, 2020, 9:35:33.4 PM:INFO:database_contribution_info_publishers.cc(321)] Contribution ids is empty
[Dec 17, 2020, 9:35:33.4 PM:INFO:promotion.cc(558)] Promotion is empty
--------------------------------------------------------------------------------
[Dec 18, 2020, 3:14:55.6 PM:INFO:contribution.cc(264)] Timer will start in 1711249
[Dec 18, 2020, 3:14:55.8 PM:INFO:contribution.cc(264)] Timer will start in 19
[Dec 18, 2020, 3:14:56.0 PM:INFO:promotion.cc(95)] Migrating corrupted promotions
[Dec 18, 2020, 3:14:56.1 PM:INFO:database_contribution_info_publishers.cc(321)] Contribution ids is empty
[Dec 18, 2020, 3:14:56.1 PM:INFO:promotion.cc(558)] Promotion is empty
--------------------------------------------------------------------------------
[Dec 18, 2020, 11:41:29.9 PM:INFO:contribution.cc(264)] Timer will start in 1680855
[Dec 18, 2020, 11:41:30.1 PM:INFO:contribution.cc(264)] Timer will start in 4
[Dec 18, 2020, 11:41:30.3 PM:INFO:promotion.cc(95)] Migrating corrupted promotions
[Dec 18, 2020, 11:41:30.5 PM:INFO:database_contribution_info_publishers.cc(321)] Contribution ids is empty
[Dec 18, 2020, 11:41:30.5 PM:INFO:promotion.cc(558)] Promotion is empty
--------------------------------------------------------------------------------
[Dec 19, 2020, 10:43:24.8 AM:INFO:contribution.cc(264)] Timer will start in 1641140
[Dec 19, 2020, 10:43:24.9 AM:INFO:contribution.cc(264)] Timer will start in 15
[Dec 19, 2020, 10:43:25.1 AM:INFO:promotion.cc(95)] Migrating corrupted promotions
[Dec 19, 2020, 10:43:25.3 AM:INFO:database_contribution_info_publishers.cc(321)] Contribution ids is empty
[Dec 19, 2020, 10:43:25.3 AM:INFO:promotion.cc(558)] Promotion is empty
--------------------------------------------------------------------------------
[Dec 19, 2020, 11:10:36.7 AM:INFO:contribution.cc(264)] Timer will start in 1639508
[Dec 19, 2020, 11:10:36.9 AM:INFO:contribution.cc(264)] Timer will start in 4
[Dec 19, 2020, 11:10:37.0 AM:INFO:promotion.cc(95)] Migrating corrupted promotions
[Dec 19, 2020, 11:10:37.1 AM:INFO:database_contribution_info_publishers.cc(321)] Contribution ids is empty
[Dec 19, 2020, 11:10:37.1 AM:INFO:promotion.cc(558)] Promotion is empty
--------------------------------------------------------------------------------
[Dec 20, 2020, 9:43:06.0 AM:INFO:contribution.cc(264)] Timer will start in 1558359
[Dec 20, 2020, 9:43:06.1 AM:INFO:contribution.cc(264)] Timer will start in 19
[Dec 20, 2020, 9:43:06.2 AM:INFO:promotion.cc(95)] Migrating corrupted promotions
[Dec 20, 2020, 9:43:06.3 AM:INFO:database_contribution_info_publishers.cc(321)] Contribution ids is empty
[Dec 20, 2020, 9:43:06.3 AM:INFO:promotion.cc(558)] Promotion is empty
--------------------------------------------------------------------------------
[Dec 20, 2020, 2:41:08.9 PM:INFO:contribution.cc(264)] Timer will start in 1540476
[Dec 20, 2020, 2:41:09.0 PM:INFO:contribution.cc(264)] Timer will start in 28
[Dec 20, 2020, 2:41:09.2 PM:INFO:promotion.cc(95)] Migrating corrupted promotions
[Dec 20, 2020, 2:41:09.3 PM:INFO:database_contribution_info_publishers.cc(321)] Contribution ids is empty
[Dec 20, 2020, 2:41:09.3 PM:INFO:promotion.cc(558)] Promotion is empty
--------------------------------------------------------------------------------
[Dec 20, 2020, 6:22:56.1 PM:INFO:contribution.cc(264)] Timer will start in 1527168
[Dec 20, 2020, 6:22:56.2 PM:INFO:contribution.cc(264)] Timer will start in 4
[Dec 20, 2020, 6:22:56.3 PM:INFO:promotion.cc(95)] Migrating corrupted promotions
[Dec 20, 2020, 6:22:56.4 PM:INFO:database_contribution_info_publishers.cc(321)] Contribution ids is empty
[Dec 20, 2020, 6:22:56.4 PM:INFO:promotion.cc(558)] Promotion is empty
--------------------------------------------------------------------------------
[Dec 21, 2020, 11:13:40.3 AM:INFO:contribution.cc(264)] Timer will start in 1466524
[Dec 21, 2020, 11:13:40.4 AM:INFO:contribution.cc(264)] Timer will start in 21
[Dec 21, 2020, 11:13:40.5 AM:INFO:promotion.cc(95)] Migrating corrupted promotions
[Dec 21, 2020, 11:13:40.6 AM:INFO:database_contribution_info_publishers.cc(321)] Contribution ids is empty
[Dec 21, 2020, 11:13:40.6 AM:INFO:promotion.cc(558)] Promotion is empty
--------------------------------------------------------------------------------
[Dec 21, 2020, 11:23:54.4 AM:INFO:contribution.cc(264)] Timer will start in 1465910
[Dec 21, 2020, 11:23:54.6 AM:INFO:contribution.cc(264)] Timer will start in 9
[Dec 21, 2020, 11:23:54.8 AM:INFO:promotion.cc(95)] Migrating corrupted promotions
[Dec 21, 2020, 11:23:55.0 AM:INFO:database_contribution_info_publishers.cc(321)] Contribution ids is empty
[Dec 21, 2020, 11:23:55.0 AM:INFO:promotion.cc(558)] Promotion is empty
--------------------------------------------------------------------------------
[Dec 21, 2020, 12:44:11.2 PM:INFO:contribution.cc(264)] Timer will start in 1461093
[Dec 21, 2020, 12:44:11.4 PM:INFO:contribution.cc(264)] Timer will start in 8
[Dec 21, 2020, 12:44:11.4 PM:INFO:promotion.cc(95)] Migrating corrupted promotions
[Dec 21, 2020, 12:44:11.5 PM:INFO:database_contribution_info_publishers.cc(321)] Contribution ids is empty
[Dec 21, 2020, 12:44:11.5 PM:INFO:promotion.cc(558)] Promotion is empty
--------------------------------------------------------------------------------
[Dec 21, 2020, 12:44:42.3 PM:INFO:contribution.cc(264)] Timer will start in 1461062
[Dec 21, 2020, 12:44:42.4 PM:INFO:contribution.cc(264)] Timer will start in 14
[Dec 21, 2020, 12:44:42.6 PM:INFO:promotion.cc(95)] Migrating corrupted promotions
[Dec 21, 2020, 12:44:42.8 PM:INFO:database_contribution_info_publishers.cc(321)] Contribution ids is empty
[Dec 21, 2020, 12:44:42.8 PM:INFO:promotion.cc(558)] Promotion is empty
--------------------------------------------------------------------------------
[Dec 21, 2020, 1:00:59.6 PM:INFO:contribution.cc(264)] Timer will start in 1460085
[Dec 21, 2020, 1:00:59.7 PM:INFO:contribution.cc(264)] Timer will start in 67
[Dec 21, 2020, 1:00:59.9 PM:INFO:promotion.cc(95)] Migrating corrupted promotions
[Dec 21, 2020, 1:00:59.9 PM:INFO:database_contribution_info_publishers.cc(321)] Contribution ids is empty
[Dec 21, 2020, 1:00:59.9 PM:INFO:promotion.cc(558)] Promotion is empty
--------------------------------------------------------------------------------
[Dec 21, 2020, 2:44:43.7 PM:INFO:contribution.cc(264)] Timer will start in 1453861
[Dec 21, 2020, 2:44:43.8 PM:INFO:contribution.cc(264)] Timer will start in 2
[Dec 21, 2020, 2:44:43.9 PM:INFO:promotion.cc(95)] Migrating corrupted promotions
[Dec 21, 2020, 2:44:44.0 PM:INFO:database_contribution_info_publishers.cc(321)] Contribution ids is empty
[Dec 21, 2020, 2:44:44.0 PM:INFO:promotion.cc(558)] Promotion is empty
--------------------------------------------------------------------------------
[Dec 21, 2020, 3:20:03.8 PM:INFO:contribution.cc(264)] Timer will start in 1451741
[Dec 21, 2020, 3:20:04.0 PM:INFO:contribution.cc(264)] Timer will start in 7
[Dec 21, 2020, 3:20:04.1 PM:INFO:promotion.cc(95)] Migrating corrupted promotions
[Dec 21, 2020, 3:20:04.2 PM:INFO:database_contribution_info_publishers.cc(321)] Contribution ids is empty
[Dec 21, 2020, 3:20:04.2 PM:INFO:promotion.cc(558)] Promotion is empty
--------------------------------------------------------------------------------
[Dec 21, 2020, 10:05:29.0 PM:INFO:contribution.cc(264)] Timer will start in 1427415
[Dec 21, 2020, 10:05:29.2 PM:INFO:contribution.cc(264)] Timer will start in 19
[Dec 21, 2020, 10:05:29.3 PM:INFO:promotion.cc(95)] Migrating corrupted promotions
[Dec 21, 2020, 10:05:29.4 PM:INFO:database_contribution_info_publishers.cc(321)] Contribution ids is empty
[Dec 21, 2020, 10:05:29.4 PM:INFO:promotion.cc(558)] Promotion is empty
--------------------------------------------------------------------------------
[Dec 22, 2020, 10:37:24.6 AM:INFO:contribution.cc(264)] Timer will start in 1382300
[Dec 22, 2020, 10:37:24.7 AM:INFO:contribution.cc(264)] Timer will start in 5
[Dec 22, 2020, 10:37:25.1 AM:INFO:promotion.cc(95)] Migrating corrupted promotions
[Dec 22, 2020, 10:37:25.2 AM:INFO:database_contribution_info_publishers.cc(321)] Contribution ids is empty
[Dec 22, 2020, 10:37:25.2 AM:INFO:promotion.cc(558)] Promotion is empty
--------------------------------------------------------------------------------
[Dec 22, 2020, 1:00:30.8 PM:INFO:contribution.cc(264)] Timer will start in 1373714
[Dec 22, 2020, 1:00:31.0 PM:INFO:contribution.cc(264)] Timer will start in 5
[Dec 22, 2020, 1:00:31.1 PM:INFO:promotion.cc(95)] Migrating corrupted promotions
[Dec 22, 2020, 1:00:31.2 PM:INFO:database_contribution_info_publishers.cc(321)] Contribution ids is empty
[Dec 22, 2020, 1:00:31.3 PM:INFO:promotion.cc(558)] Promotion is empty
--------------------------------------------------------------------------------
[Dec 22, 2020, 1:09:36.2 PM:INFO:contribution.cc(264)] Timer will start in 1373168
[Dec 22, 2020, 1:09:36.3 PM:INFO:contribution.cc(264)] Timer will start in 3
[Dec 22, 2020, 1:09:36.5 PM:INFO:promotion.cc(95)] Migrating corrupted promotions
[Dec 22, 2020, 1:09:36.6 PM:INFO:database_contribution_info_publishers.cc(321)] Contribution ids is empty
[Dec 22, 2020, 1:09:36.6 PM:INFO:promotion.cc(558)] Promotion is empty
